[backblue.gif]
[fade.gif]
[index.html]
[firebasestorage.googleapis.com/v0/b/devfolio-me.appspot.com/o/Devfolio/Sharedc17.jpg]
[rajvaya.devfolio.me/manifest.json]
[rajvaya.devfolio.me/favicons/favicon.ico]
[stackpath.bootstrapcdn.com/bootstrap/4.1.3/css/bootstrap.min.css]
[use.fontawesome.com/releases/v5.6.0/css/all.css]
[cdnjs.cloudflare.com/ajax/libs/slick-carousel/1.6.0/slick.min.css]
[cdnjs.cloudflare.com/ajax/libs/slick-carousel/1.6.0/slick-theme.min.css]
[cdnjs.cloudflare.com/ajax/libs/highlight.js/9.13.1/styles/default.min.css]
[cdnjs.cloudflare.com/ajax/libs/highlight.js/9.13.1/highlight.min.js]
[unpkg.com/aos@3.0.0-beta.6/dist/aos.css]
[rajvaya.devfolio.me/static/css/main.c7feab95.css]
[code.jquery.com/jquery-3.3.1.slim.min.js]
[cdnjs.cloudflare.com/ajax/libs/popper.js/1.14.3/umd/popper.min.js]
[stackpath.bootstrapcdn.com/bootstrap/4.1.3/js/bootstrap.min.js]
[rajvaya.devfolio.me/index.html]
[stackpath.bootstrapcdn.com/bootstrap/4.1.3/css/bootstrap.min.css]
[use.fontawesome.com/releases/v5.6.0/css/all.css]
[cdnjs.cloudflare.com/ajax/libs/slick-carousel/1.6.0/slick.min.css]
[cdnjs.cloudflare.com/ajax/libs/slick-carousel/1.6.0/ajax-loader.gif]
[cdnjs.cloudflare.com/ajax/libs/slick-carousel/1.6.0/fonts/slick.eot]
[cdnjs.cloudflare.com/ajax/libs/slick-carousel/1.6.0/fonts/slickd41d.eot]
[cdnjs.cloudflare.com/ajax/libs/slick-carousel/1.6.0/fonts/slick.woff]
[cdnjs.cloudflare.com/ajax/libs/slick-carousel/1.6.0/fonts/slick.ttf]
[cdnjs.cloudflare.com/ajax/libs/slick-carousel/1.6.0/slick-theme.min.css]
[cdnjs.cloudflare.com/ajax/libs/highlight.js/9.13.1/styles/default.min.css]
[unpkg.com/aos@3.0.0-beta.6/dist/aos.css]
[rajvaya.devfolio.me/static/css/main.c7feab95.css]
[cdnjs.cloudflare.com/ajax/libs/slick-carousel/1.6.0/fonts/slick.svg]
[rajvaya.devfolio.me/static/js/main.5feb5f26.js]
[cdnjs.cloudflare.com/ajax/libs/slick-carousel/1.6.0/fonts/slick.svg]
